<?xml version="1.0" encoding="UTF-8"?>
<!-- Generated by org.testng.reporters.JUnitReportReporter -->
<testsuite hostname="MacBook-Pro-2.local" failures="0" tests="1" name="com.qa.fifa.SearchTest" time="11.511" errors="0" timestamp="2022-12-04T11:54:49 EST" skipped="0">
  <testcase classname="com.qa.fifa.SearchTest" name="validateSearch" time="11.511"/>
  <system-out/>
</testsuite> <!-- com.qa.fifa.SearchTest -->
